2023-12-04T18:15:41.453Z : paul fait une requête
2023-12-04T18:15:41.472Z : Erreur à la création de la campagne 
2023-12-04T18:17:21.778Z : paul fait une requête
2023-12-04T18:17:21.806Z : Erreur à la création de la campagne 
2023-12-04T18:21:46.136Z : paul fait une requête
2023-12-04T18:21:46.191Z : undefined bien créé
2023-12-04T18:24:55.003Z : paul fait une requête
2023-12-04T18:24:55.034Z : 656e18bacc977363098875ef bien supprimé
2023-12-04T18:27:02.495Z : paul fait une requête
2023-12-04T18:27:02.524Z : undefined bien créé
2023-12-05T17:21:29.712Z : paul fait une requête
2023-12-05T17:21:29.761Z : undefined bien créé
2023-12-11T17:44:09.763Z : paul fait une requête
2023-12-11T17:44:09.767Z : get introuvable
2023-12-19T17:13:54.829Z : paul fait une requête
2023-12-19T17:13:54.905Z : undefined bien créé
2023-12-21T12:59:04.038Z : paul fait une requête
2023-12-21T12:59:04.081Z : undefined bien créé
2023-12-21T13:02:30.309Z : paul fait une requête
2023-12-21T13:02:30.333Z : undefined bien créé
2023-12-21T13:07:05.690Z : paul fait une requête
2023-12-21T13:07:05.731Z : undefined bien créé
2023-12-21T13:08:43.499Z : paul fait une requête
2023-12-21T13:08:43.523Z : undefined bien créé
2023-12-21T13:15:35.129Z : paul fait une requête
2023-12-21T13:15:35.152Z : undefined bien créé
