
2023-12-04T18:15:41.453Z : paul fait une requête
2023-12-04T18:15:41.472Z : Erreur à la création de la campagne 
2023-12-04T18:17:21.778Z : paul fait une requête
2023-12-04T18:17:21.806Z : Erreur à la création de la campagne 
2023-12-04T18:21:46.136Z : paul fait une requête
2023-12-04T18:21:46.191Z : undefined bien créé
2023-12-04T18:24:55.003Z : paul fait une requête
2023-12-04T18:24:55.034Z : 656e18bacc977363098875ef bien supprimé
2023-12-04T18:27:02.495Z : paul fait une requête
2023-12-04T18:27:02.524Z : undefined bien créé
2023-12-05T17:21:29.712Z : paul fait une requête
2023-12-05T17:21:29.761Z : undefined bien créé
2023-12-11T17:44:09.763Z : paul fait une requête
2023-12-11T17:44:09.767Z : get introuvable
2023-12-19T17:13:54.829Z : paul fait une requête
2023-12-19T17:13:54.905Z : undefined bien créé
2023-12-21T12:59:04.038Z : paul fait une requête
2023-12-21T12:59:04.081Z : undefined bien créé
2023-12-21T13:02:30.309Z : paul fait une requête
2023-12-21T13:02:30.333Z : undefined bien créé
2023-12-21T13:07:05.690Z : paul fait une requête
2023-12-21T13:07:05.731Z : undefined bien créé
2023-12-21T13:08:43.499Z : paul fait une requête
2023-12-21T13:08:43.523Z : undefined bien créé
2023-12-21T13:15:35.129Z : paul fait une requête
2023-12-21T13:15:35.152Z : undefined bien créé
2023-12-21T15:49:39.641Z : paul fait une requête
2023-12-21T15:49:39.644Z : get introuvable
2023-12-21T16:24:30.478Z : TestMan4 fait une requête
2023-12-21T16:24:30.480Z : get introuvable
2023-12-21T16:25:20.015Z : TestMan4 fait une requête
2023-12-21T16:25:20.040Z : undefined bien créé
2023-12-21T16:25:26.813Z : TestMan4 fait une requête
2023-12-21T16:25:26.814Z : get introuvable
2023-12-21T16:26:47.957Z : TestMan4 fait une requête
2023-12-21T16:26:47.958Z : get658466f082aeb15bd63c9f4f introuvable
2023-12-21T16:27:09.506Z : TestMan4 fait une requête
2023-12-21T16:27:09.525Z : test bien renvoyé
2023-12-21T16:29:33.739Z : TestMan4 fait une requête
2023-12-21T16:29:33.740Z : getAll introuvable
2023-12-21T16:30:01.554Z : TestMan4 fait une requête
2023-12-21T16:30:01.557Z : getAll introuvable
2023-12-21T16:30:55.873Z : TestMan4 fait une requête
2023-12-21T16:30:55.876Z : allCamp introuvable
2023-12-21T16:32:24.316Z : TestMan4 fait une requête
2023-12-21T16:32:24.316Z : get introuvable
2023-12-21T16:35:15.112Z : TestMan4 fait une requête
2023-12-21T16:35:15.127Z : Liste de campagne bien retournée
2023-12-21T16:35:30.341Z : TestMan4 fait une requête
2023-12-21T16:35:30.354Z : Exploration des enfer D'Anu (bis) bien renvoyé
2023-12-21T17:03:36.852Z : paul fait une requête
2023-12-21T17:03:36.881Z : Liste de campagne bien retournée
2023-12-21T17:04:57.207Z : Erreur lors de la vérification du token : JsonWebTokenError: invalid token
2023-12-21T17:05:10.241Z : Erreur lors de la vérification du token : JsonWebTokenError: invalid token
2023-12-21T17:06:59.946Z : Erreur lors de la vérification du token : JsonWebTokenError: invalid token
2023-12-21T17:07:03.491Z : Erreur lors de la vérification du token : JsonWebTokenError: invalid token
2023-12-21T17:07:28.859Z : paul fait une requête
2023-12-21T17:07:28.873Z : Liste de campagne bien retournée
2023-12-21T17:07:30.418Z : paul fait une requête
2023-12-21T17:07:30.431Z : Liste de campagne bien retournée
2023-12-21T17:07:35.919Z : paul fait une requête
2023-12-21T17:07:35.935Z : Liste de campagne bien retournée
2023-12-21T17:14:04.398Z : paul fait une requête
2023-12-21T17:14:04.409Z : Liste de campagne bien retournée
2023-12-21T17:14:08.971Z : paul fait une requête
2023-12-21T17:14:08.987Z : Liste de campagne bien retournée
2023-12-21T17:14:10.820Z : paul fait une requête
2023-12-21T17:14:10.837Z : Liste de campagne bien retournée
2023-12-21T17:14:12.616Z : paul fait une requête
2023-12-21T17:14:12.629Z : Liste de campagne bien retournée
2023-12-22T11:24:04.775Z : paul fait une requête
2023-12-22T11:24:04.796Z : Liste de campagne bien retournée
2023-12-22T11:25:05.315Z : paul fait une requête
2023-12-22T11:25:05.331Z : Liste de campagne bien retournée
2023-12-22T11:25:31.082Z : paul fait une requête
2023-12-22T11:25:31.094Z : Liste de campagne bien retournée
2023-12-22T11:26:42.853Z : paul fait une requête
2023-12-22T11:26:42.868Z : Liste de campagne bien retournée
2023-12-22T11:26:43.050Z : paul fait une requête
2023-12-22T11:26:43.072Z : Liste de campagne bien retournée
2023-12-22T11:26:43.930Z : paul fait une requête
2023-12-22T11:26:43.943Z : Liste de campagne bien retournée
2023-12-22T11:26:56.469Z : paul fait une requête
2023-12-22T11:26:56.482Z : Liste de campagne bien retournée
2023-12-22T11:26:58.352Z : paul fait une requête
2023-12-22T11:26:58.390Z : Liste de campagne bien retournée
2023-12-22T11:27:09.964Z : paul fait une requête
2023-12-22T11:27:09.978Z : Liste de campagne bien retournée
2023-12-22T11:27:20.250Z : paul fait une requête
2023-12-22T11:27:20.263Z : Liste de campagne bien retournée
2023-12-22T11:27:21.467Z : paul fait une requête
2023-12-22T11:27:21.479Z : Liste de campagne bien retournée
2023-12-22T11:27:24.236Z : paul fait une requête
2023-12-22T11:27:24.247Z : Liste de campagne bien retournée
2023-12-22T11:27:42.087Z : paul fait une requête
2023-12-22T11:27:42.100Z : Liste de campagne bien retournée
2023-12-22T11:27:43.263Z : paul fait une requête
2023-12-22T11:27:43.273Z : Liste de campagne bien retournée
2023-12-22T11:28:14.755Z : paul fait une requête
2023-12-22T11:28:14.769Z : Liste de campagne bien retournée
2023-12-22T11:28:15.358Z : paul fait une requête
2023-12-22T11:28:15.376Z : Liste de campagne bien retournée
2023-12-22T11:28:20.040Z : paul fait une requête
2023-12-22T11:28:20.052Z : Liste de campagne bien retournée
2023-12-22T11:28:58.408Z : paul fait une requête
2023-12-22T11:28:58.444Z : undefined bien créé
2023-12-22T11:28:59.695Z : paul fait une requête
2023-12-22T11:28:59.712Z : Liste de campagne bien retournée
2023-12-22T11:29:27.281Z : paul fait une requête
2023-12-22T11:29:27.293Z : Liste de campagne bien retournée
2023-12-22T11:30:04.914Z : paul fait une requête
2023-12-22T11:30:04.928Z : Liste de campagne bien retournée
2023-12-22T11:31:02.362Z : paul fait une requête
2023-12-22T11:31:02.385Z : undefined bien créé
2023-12-22T11:31:03.777Z : paul fait une requête
2023-12-22T11:31:03.796Z : Liste de campagne bien retournée
2023-12-22T11:32:52.026Z : paul fait une requête
2023-12-22T11:32:52.044Z : Liste de campagne bien retournée
2023-12-22T11:33:23.162Z : paul fait une requête
2023-12-22T11:33:23.186Z : undefined bien créé
2023-12-22T11:35:32.283Z : paul fait une requête
2023-12-22T11:35:32.303Z : undefined bien créé
2023-12-22T11:38:07.755Z : paul fait une requête
2023-12-22T11:38:07.778Z : undefined bien créé
2023-12-22T11:38:09.007Z : paul fait une requête
2023-12-22T11:38:09.024Z : Liste de campagne bien retournée
2023-12-22T11:40:07.540Z : paul fait une requête
2023-12-22T11:40:07.550Z : Liste de campagne bien retournée
2023-12-22T12:11:50.625Z : paul fait une requête
2023-12-22T12:11:50.651Z : undefined bien créé
2023-12-22T14:00:04.622Z : paul fait une requête
2023-12-22T14:00:04.660Z : undefined bien créé
2023-12-22T14:01:02.045Z : paul fait une requête
2023-12-22T14:01:02.066Z : undefined bien créé
2023-12-22T14:01:47.497Z : paul fait une requête
2023-12-22T14:01:47.517Z : undefined bien créé
2023-12-22T14:22:26.134Z : paul fait une requête
2023-12-22T14:22:26.175Z : undefined bien créé
2023-12-22T14:31:36.843Z : paul fait une requête
2023-12-22T14:31:36.879Z : undefined bien créé
2023-12-22T14:35:39.871Z : paul fait une requête
2023-12-22T14:35:39.896Z : 65857d06c2a7bb626005038e bien mis à jour
2023-12-22T14:56:22.527Z : paul fait une requête
2023-12-22T14:56:22.553Z : undefined bien créé
2023-12-22T14:56:26.321Z : paul fait une requête
2023-12-22T14:56:26.323Z : Erreur lors de la modification de undefined
2023-12-22T15:16:06.553Z : paul fait une requête
2023-12-22T15:16:06.567Z : Liste de campagne bien retournée
2023-12-22T15:25:28.249Z : paul fait une requête
2023-12-22T15:25:28.279Z : undefined bien créé
2023-12-22T15:25:32.957Z : paul fait une requête
2023-12-22T15:25:32.960Z : Erreur lors de la modification de null
2023-12-22T23:06:29.265Z : paul fait une requête
2023-12-22T23:06:29.296Z : undefined bien créé
2023-12-22T23:14:46.518Z : paul fait une requête
2023-12-22T23:14:46.543Z : undefined bien créé
2023-12-22T23:16:17.302Z : paul fait une requête
2023-12-22T23:16:17.323Z : undefined bien créé
2023-12-22T23:16:36.437Z : paul fait une requête
2023-12-22T23:16:36.440Z : Erreur lors de la modification de undefined
2023-12-22T23:18:44.026Z : paul fait une requête
2023-12-22T23:18:44.088Z : undefined bien créé
2023-12-22T23:23:59.731Z : paul fait une requête
2023-12-22T23:23:59.753Z : undefined bien créé
2023-12-22T23:27:11.725Z : paul fait une requête
2023-12-22T23:27:11.763Z : undefined bien créé
2023-12-22T23:27:59.196Z : paul fait une requête
2023-12-22T23:27:59.214Z : undefined bien créé
2023-12-22T23:28:34.670Z : paul fait une requête
2023-12-22T23:28:34.731Z : 65861b7fff240e14189ce9f7 bien mis à jour
2023-12-22T23:31:02.528Z : paul fait une requête
2023-12-22T23:31:02.550Z : undefined bien créé
2023-12-22T23:31:06.608Z : paul fait une requête
2023-12-22T23:31:06.626Z : 65861c36ff240e14189ce9fd bien mis à jour
2023-12-22T23:39:50.727Z : paul fait une requête
2023-12-22T23:39:50.746Z : undefined bien créé
2023-12-22T23:39:57.666Z : paul fait une requête
2023-12-22T23:39:57.681Z : 65861e46ff240e14189cea03 bien mis à jour
2023-12-22T23:46:39.629Z : paul fait une requête
2023-12-22T23:46:39.650Z : undefined bien créé
2023-12-22T23:47:08.030Z : paul fait une requête
2023-12-22T23:47:08.046Z : 65861fdfff240e14189cea09 bien mis à jour
2023-12-22T23:50:04.307Z : paul fait une requête
2023-12-22T23:50:04.335Z : undefined bien créé
2023-12-22T23:50:29.272Z : paul fait une requête
2023-12-22T23:50:29.307Z : 658620acff240e14189cea0f bien mis à jour
2023-12-22T23:52:56.282Z : paul fait une requête
2023-12-22T23:52:56.305Z : undefined bien créé
2023-12-22T23:53:49.936Z : paul fait une requête
2023-12-22T23:53:49.952Z : 65862158ff240e14189cea15 bien mis à jour
2023-12-22T23:59:52.314Z : paul fait une requête
2023-12-22T23:59:52.345Z : undefined bien créé
2023-12-23T00:00:09.976Z : paul fait une requête
2023-12-23T00:00:09.995Z : 658622f8ff240e14189cea1b bien mis à jour
2023-12-23T00:06:58.575Z : paul fait une requête
2023-12-23T00:06:58.595Z : undefined bien créé
2023-12-23T00:07:27.894Z : paul fait une requête
2023-12-23T00:07:27.912Z : 658624a2ff240e14189cea21 bien mis à jour
2023-12-23T00:08:25.239Z : paul fait une requête
2023-12-23T00:08:25.255Z : 658624a2ff240e14189cea21 bien mis à jour
2023-12-23T00:08:29.216Z : paul fait une requête
2023-12-23T00:08:29.239Z : 658624a2ff240e14189cea21 bien mis à jour
2023-12-23T00:18:25.741Z : paul fait une requête
2023-12-23T00:18:25.766Z : undefined bien créé
2023-12-23T00:18:28.681Z : paul fait une requête
2023-12-23T00:18:28.693Z : testttt bien renvoyé
2023-12-23T00:18:28.711Z : paul fait une requête
2023-12-23T00:18:28.727Z : 65862751ff240e14189cea2b bien mis à jour
2023-12-23T00:18:32.316Z : paul fait une requête
2023-12-23T00:18:32.328Z : testttt bien renvoyé
2023-12-23T00:18:32.346Z : paul fait une requête
2023-12-23T00:18:32.362Z : 65862751ff240e14189cea2b bien mis à jour
2023-12-23T00:18:36.484Z : paul fait une requête
2023-12-23T00:18:36.539Z : testttt bien renvoyé
2023-12-23T00:18:36.554Z : paul fait une requête
2023-12-23T00:18:36.569Z : 65862751ff240e14189cea2b bien mis à jour
2023-12-23T00:27:02.274Z : paul fait une requête
2023-12-23T00:27:02.301Z : undefined bien créé
2023-12-23T00:27:05.140Z : paul fait une requête
2023-12-23T00:27:05.151Z : test ulime ? bien renvoyé
2023-12-23T00:27:05.168Z : paul fait une requête
2023-12-23T00:27:05.197Z : 65862956ff240e14189cea3b bien mis à jour
2023-12-23T00:27:08.678Z : paul fait une requête
2023-12-23T00:27:08.689Z : test ulime ? bien renvoyé
2023-12-23T00:27:08.707Z : paul fait une requête
2023-12-23T00:27:08.724Z : 65862956ff240e14189cea3b bien mis à jour
2023-12-23T00:27:11.143Z : paul fait une requête
2023-12-23T00:27:11.154Z : test ulime ? bien renvoyé
2023-12-23T00:27:11.171Z : paul fait une requête
2023-12-23T00:27:11.192Z : 65862956ff240e14189cea3b bien mis à jour
2023-12-23T00:27:14.378Z : paul fait une requête
2023-12-23T00:27:14.389Z : test ulime ? bien renvoyé
2023-12-23T00:27:14.407Z : paul fait une requête
2023-12-23T00:27:14.424Z : 65862956ff240e14189cea3b bien mis à jour
2023-12-23T00:27:16.678Z : paul fait une requête
2023-12-23T00:27:16.689Z : test ulime ? bien renvoyé
2023-12-23T00:27:16.707Z : paul fait une requête
2023-12-23T00:27:16.724Z : 65862956ff240e14189cea3b bien mis à jour
2023-12-23T00:27:22.366Z : paul fait une requête
2023-12-23T00:27:22.377Z : test ulime ? bien renvoyé
2023-12-23T00:27:22.395Z : paul fait une requête
2023-12-23T00:27:22.410Z : 65862956ff240e14189cea3b bien mis à jour
2023-12-23T11:06:03.857Z : paul fait une requête
2023-12-23T11:06:03.888Z : undefined bien créé
2023-12-23T11:06:40.169Z : paul fait une requête
2023-12-23T11:06:40.181Z : un weekend a la campagne bien renvoyé
2023-12-23T11:06:40.201Z : paul fait une requête
2023-12-23T11:06:40.223Z : 6586bf1b0ddf1ebf7dc0616c bien mis à jour
2023-12-23T11:06:43.583Z : paul fait une requête
2023-12-23T11:06:43.595Z : un weekend a la campagne bien renvoyé
2023-12-23T11:06:43.614Z : paul fait une requête
2023-12-23T11:06:43.631Z : 6586bf1b0ddf1ebf7dc0616c bien mis à jour
2023-12-23T11:06:52.658Z : paul fait une requête
2023-12-23T11:06:52.669Z : un weekend a la campagne bien renvoyé
2023-12-23T11:06:52.685Z : paul fait une requête
2023-12-23T11:06:52.704Z : 6586bf1b0ddf1ebf7dc0616c bien mis à jour
2023-12-23T11:06:55.063Z : paul fait une requête
2023-12-23T11:06:55.074Z : un weekend a la campagne bien renvoyé
2023-12-23T11:06:55.092Z : paul fait une requête
2023-12-23T11:06:55.110Z : 6586bf1b0ddf1ebf7dc0616c bien mis à jour
2023-12-23T11:19:38.922Z : paul fait une requête
2023-12-23T11:19:38.946Z : undefined bien créé
2023-12-23T11:19:41.922Z : paul fait une requête
2023-12-23T11:19:41.933Z : test1234 bien renvoyé
2023-12-23T11:19:41.949Z : paul fait une requête
2023-12-23T11:19:41.966Z : 6586c24a0ddf1ebf7dc06180 bien mis à jour
2023-12-23T11:19:43.726Z : paul fait une requête
2023-12-23T11:19:43.738Z : test1234 bien renvoyé
2023-12-23T11:19:43.755Z : paul fait une requête
2023-12-23T11:19:43.772Z : 6586c24a0ddf1ebf7dc06180 bien mis à jour
2023-12-23T11:19:45.677Z : paul fait une requête
2023-12-23T11:19:45.689Z : test1234 bien renvoyé
2023-12-23T11:19:45.705Z : paul fait une requête
2023-12-23T11:19:45.721Z : 6586c24a0ddf1ebf7dc06180 bien mis à jour
2023-12-23T11:19:49.006Z : paul fait une requête
2023-12-23T11:19:49.017Z : test1234 bien renvoyé
2023-12-23T11:19:49.034Z : paul fait une requête
2023-12-23T11:19:49.064Z : 6586c24a0ddf1ebf7dc06180 bien mis à jour
2023-12-23T11:26:21.425Z : paul fait une requête
2023-12-23T11:26:21.446Z : undefined bien créé
2023-12-23T11:27:55.339Z : paul fait une requête
2023-12-23T11:27:55.358Z : undefined bien créé
2023-12-23T11:28:20.340Z : paul fait une requête
2023-12-23T11:28:20.350Z : testtest bien renvoyé
2023-12-23T11:28:20.367Z : paul fait une requête
2023-12-23T11:28:20.397Z : 6586c43b0ddf1ebf7dc0619b bien mis à jour
2023-12-23T11:28:22.996Z : paul fait une requête
2023-12-23T11:28:23.007Z : testtest bien renvoyé
2023-12-23T11:28:23.023Z : paul fait une requête
2023-12-23T11:28:23.099Z : 6586c43b0ddf1ebf7dc0619b bien mis à jour
2023-12-23T11:28:27.590Z : paul fait une requête
2023-12-23T11:28:27.601Z : testtest bien renvoyé
2023-12-23T11:28:27.617Z : paul fait une requête
2023-12-23T11:28:27.636Z : 6586c43b0ddf1ebf7dc0619b bien mis à jour
2023-12-23T11:30:19.686Z : Erreur lors de la vérification du token : TokenExpiredError: jwt expired
2023-12-23T11:30:41.796Z : paul fait une requête
2023-12-23T11:30:41.818Z : undefined bien créé
2023-12-23T11:36:21.994Z : paul fait une requête
2023-12-23T11:36:22.002Z : Erreur à la création de la campagne 
2023-12-23T11:37:18.934Z : paul fait une requête
2023-12-23T11:37:18.935Z : Erreur à la création de la campagne 
2023-12-23T11:39:38.490Z : paul fait une requête
2023-12-23T11:39:38.492Z : Erreur à la création de la campagne 
2023-12-23T11:41:55.475Z : paul fait une requête
2023-12-23T11:41:55.476Z : Erreur à la création de la campagne 
2023-12-23T11:42:52.375Z : paul fait une requête
2023-12-23T11:42:52.402Z : undefined bien créé
2023-12-23T11:45:05.598Z : paul fait une requête
2023-12-23T11:45:05.620Z : undefined bien créé
2023-12-23T11:46:39.321Z : paul fait une requête
2023-12-23T11:46:39.342Z : undefined bien créé
2023-12-23T11:55:04.061Z : paul fait une requête
2023-12-23T11:55:04.083Z : undefined bien créé
2023-12-23T12:48:45.435Z : paul fait une requête
2023-12-23T12:48:45.458Z : undefined bien créé
2023-12-23T12:53:19.636Z : paul fait une requête
2023-12-23T12:53:19.689Z : undefined bien créé
2023-12-23T13:22:01.149Z : paul fait une requête
2023-12-23T13:22:01.181Z : undefined bien créé
2023-12-23T22:10:00.548Z : paul fait une requête
2023-12-23T22:10:00.577Z : undefined bien créé
2023-12-23T22:10:04.705Z : paul fait une requête
2023-12-23T22:10:04.717Z : test bien renvoyé
2023-12-23T22:10:04.739Z : paul fait une requête
2023-12-23T22:10:04.760Z : 65875ab807413e16c2c0dbef bien mis à jour
2023-12-23T22:10:07.639Z : paul fait une requête
2023-12-23T22:10:07.651Z : test bien renvoyé
2023-12-23T22:10:07.674Z : paul fait une requête
2023-12-23T22:10:07.691Z : 65875ab807413e16c2c0dbef bien mis à jour
2023-12-23T22:10:48.240Z : paul fait une requête
2023-12-23T22:10:48.255Z : Liste de campagne bien retournée
2023-12-23T22:11:16.350Z : paul fait une requête
2023-12-23T22:11:16.381Z : Liste de campagne bien retournée
2023-12-23T22:11:16.526Z : paul fait une requête
2023-12-23T22:11:16.543Z : Liste de campagne bien retournée
2023-12-23T22:11:23.551Z : paul fait une requête
2023-12-23T22:11:23.562Z : Liste de campagne bien retournée
2023-12-23T22:11:24.587Z : paul fait une requête
2023-12-23T22:11:24.598Z : Liste de campagne bien retournée
2023-12-23T22:11:26.435Z : paul fait une requête
2023-12-23T22:11:26.453Z : Liste de campagne bien retournée
2023-12-23T22:11:27.803Z : paul fait une requête
2023-12-23T22:11:27.817Z : Liste de campagne bien retournée
2023-12-23T22:11:32.826Z : paul fait une requête
2023-12-23T22:11:32.839Z : Liste de campagne bien retournée
2023-12-23T22:11:34.875Z : paul fait une requête
2023-12-23T22:11:34.888Z : Liste de campagne bien retournée
2023-12-23T22:11:52.077Z : paul fait une requête
2023-12-23T22:11:52.095Z : Liste de campagne bien retournée
2023-12-23T22:11:52.784Z : paul fait une requête
2023-12-23T22:11:52.798Z : Liste de campagne bien retournée
2023-12-23T22:11:54.449Z : paul fait une requête
2023-12-23T22:11:54.461Z : Liste de campagne bien retournée
2023-12-23T22:11:56.313Z : paul fait une requête
2023-12-23T22:11:56.328Z : Liste de campagne bien retournée
2023-12-23T22:12:09.378Z : paul fait une requête
2023-12-23T22:12:09.433Z : Liste de campagne bien retournée
2023-12-23T22:12:10.598Z : paul fait une requête
2023-12-23T22:12:10.610Z : Liste de campagne bien retournée
2023-12-23T22:12:13.317Z : paul fait une requête
2023-12-23T22:12:13.330Z : Liste de campagne bien retournée
2023-12-23T22:12:52.064Z : paul fait une requête
2023-12-23T22:12:52.078Z : Liste de campagne bien retournée
2023-12-23T22:17:14.849Z : paul fait une requête
2023-12-23T22:17:14.870Z : undefined bien créé
2023-12-23T22:17:18.487Z : paul fait une requête
2023-12-23T22:17:18.503Z : test bien renvoyé
2023-12-23T22:17:18.521Z : paul fait une requête
2023-12-23T22:17:18.538Z : 65875c6a07413e16c2c0dc1d bien mis à jour
2023-12-23T22:17:21.615Z : paul fait une requête
2023-12-23T22:17:21.630Z : test bien renvoyé
2023-12-23T22:17:21.652Z : paul fait une requête
2023-12-23T22:17:21.672Z : 65875c6a07413e16c2c0dc1d bien mis à jour
2023-12-23T22:18:25.293Z : paul fait une requête
2023-12-23T22:18:25.318Z : Liste de campagne bien retournée
2023-12-23T22:20:01.922Z : paul fait une requête
2023-12-23T22:20:01.945Z : undefined bien créé
2023-12-23T22:20:06.344Z : paul fait une requête
2023-12-23T22:20:06.387Z : testcampagne bien renvoyé
2023-12-23T22:20:06.403Z : paul fait une requête
2023-12-23T22:20:06.419Z : 65875d1107413e16c2c0dc2b bien mis à jour
2023-12-23T22:20:09.191Z : paul fait une requête
2023-12-23T22:20:09.201Z : testcampagne bien renvoyé
2023-12-23T22:20:09.217Z : paul fait une requête
2023-12-23T22:20:09.236Z : 65875d1107413e16c2c0dc2b bien mis à jour
2023-12-23T22:20:13.779Z : paul fait une requête
2023-12-23T22:20:13.793Z : Liste de campagne bien retournée
2023-12-23T22:21:48.999Z : paul fait une requête
2023-12-23T22:21:49.017Z : undefined bien créé
2023-12-23T22:21:52.862Z : paul fait une requête
2023-12-23T22:21:52.872Z : test bien renvoyé
2023-12-23T22:21:52.889Z : paul fait une requête
2023-12-23T22:21:52.907Z : 65875d7c07413e16c2c0dc39 bien mis à jour
2023-12-23T22:21:57.210Z : paul fait une requête
2023-12-23T22:21:57.225Z : test bien renvoyé
2023-12-23T22:21:57.248Z : paul fait une requête
2023-12-23T22:21:57.271Z : 65875d7c07413e16c2c0dc39 bien mis à jour
2023-12-23T22:22:07.317Z : paul fait une requête
2023-12-23T22:22:07.332Z : Liste de campagne bien retournée
2023-12-23T22:22:46.882Z : paul fait une requête
2023-12-23T22:22:46.910Z : Liste de campagne bien retournée
2023-12-23T22:22:49.858Z : paul fait une requête
2023-12-23T22:22:49.872Z : Liste de campagne bien retournée
2023-12-23T22:22:58.969Z : paul fait une requête
2023-12-23T22:22:58.990Z : Liste de campagne bien retournée
2023-12-23T22:26:39.002Z : paul fait une requête
2023-12-23T22:26:39.027Z : undefined bien créé
2023-12-23T22:26:41.712Z : paul fait une requête
2023-12-23T22:26:41.727Z : test bien renvoyé
2023-12-23T22:26:41.745Z : paul fait une requête
2023-12-23T22:26:41.767Z : 65875e9f07413e16c2c0dc4d bien mis à jour
2023-12-23T22:26:46.178Z : paul fait une requête
2023-12-23T22:26:46.190Z : Liste de campagne bien retournée
2023-12-23T22:29:16.308Z : paul fait une requête
2023-12-23T22:29:16.331Z : Liste de campagne bien retournée
2023-12-23T22:29:42.099Z : paul fait une requête
2023-12-23T22:29:42.111Z : Liste de campagne bien retournée
2023-12-23T22:30:04.517Z : paul fait une requête
2023-12-23T22:30:04.549Z : Liste de campagne bien retournée
2023-12-23T22:30:33.583Z : paul fait une requête
2023-12-23T22:30:33.612Z : Liste de campagne bien retournée
2023-12-23T22:31:44.433Z : paul fait une requête
2023-12-23T22:31:44.454Z : undefined bien créé
2023-12-23T22:31:47.050Z : paul fait une requête
2023-12-23T22:31:47.090Z : test bien renvoyé
2023-12-23T22:31:47.140Z : paul fait une requête
2023-12-23T22:31:47.177Z : 65875fd007413e16c2c0dc5f bien mis à jour
2023-12-23T22:31:52.468Z : paul fait une requête
2023-12-23T22:31:52.501Z : Liste de campagne bien retournée
2023-12-23T22:32:44.721Z : paul fait une requête
2023-12-23T22:32:44.746Z : Liste de campagne bien retournée
2023-12-23T22:33:18.273Z : paul fait une requête
2023-12-23T22:33:18.293Z : Liste de campagne bien retournée
2023-12-23T22:33:35.037Z : paul fait une requête
2023-12-23T22:33:35.065Z : Liste de campagne bien retournée
2023-12-23T22:33:56.491Z : paul fait une requête
2023-12-23T22:33:56.505Z : Liste de campagne bien retournée
2023-12-23T22:34:27.616Z : paul fait une requête
2023-12-23T22:34:27.632Z : Liste de campagne bien retournée
2023-12-23T22:35:50.255Z : paul fait une requête
2023-12-23T22:35:50.277Z : Liste de campagne bien retournée
2023-12-23T22:35:50.327Z : paul fait une requête
2023-12-23T22:35:50.354Z : Liste de campagne bien retournée
2023-12-23T22:36:12.200Z : paul fait une requête
2023-12-23T22:36:12.220Z : Liste de campagne bien retournée
2023-12-23T22:36:33.026Z : paul fait une requête
2023-12-23T22:36:33.039Z : Liste de campagne bien retournée
2023-12-23T22:37:10.438Z : paul fait une requête
2023-12-23T22:37:10.450Z : Liste de campagne bien retournée
2023-12-23T22:37:58.085Z : paul fait une requête
2023-12-23T22:37:58.099Z : Liste de campagne bien retournée
2023-12-23T22:50:36.966Z : paul fait une requête
2023-12-23T22:50:36.996Z : undefined bien créé
2023-12-23T22:50:39.451Z : paul fait une requête
2023-12-23T22:50:39.464Z : test bien renvoyé
2023-12-23T22:50:39.485Z : paul fait une requête
2023-12-23T22:50:39.506Z : 6587643c07413e16c2c0dc7f bien mis à jour
2023-12-23T22:50:43.366Z : paul fait une requête
2023-12-23T22:50:43.382Z : Liste de campagne bien retournée
2023-12-23T22:52:02.342Z : paul fait une requête
2023-12-23T22:52:02.356Z : Liste de campagne bien retournée
2023-12-24T10:25:19.999Z : paul fait une requête
2023-12-24T10:25:20.026Z : undefined bien créé
2023-12-24T10:25:24.277Z : paul fait une requête
2023-12-24T10:25:24.289Z : testtest bien renvoyé
2023-12-24T10:25:24.306Z : paul fait une requête
2023-12-24T10:25:24.325Z : 658807105bf4d84ed5d51bea bien mis à jour
2023-12-24T10:25:29.533Z : paul fait une requête
2023-12-24T10:25:29.549Z : testtest bien renvoyé
2023-12-24T10:25:29.567Z : paul fait une requête
2023-12-24T10:25:29.584Z : 658807105bf4d84ed5d51bea bien mis à jour
2023-12-24T10:25:34.157Z : paul fait une requête
2023-12-24T10:25:34.171Z : Liste de campagne bien retournée
2023-12-24T10:59:19.622Z : Erreur lors de la vérification du token : JsonWebTokenError: invalid token
2023-12-24T11:03:06.468Z : paul fait une requête
2023-12-24T11:03:28.514Z : paul fait une requête
2023-12-24T11:05:08.485Z : jean fait une requête
2023-12-24T11:05:08.504Z : undefined bien créé
2023-12-24T11:05:11.196Z : jean fait une requête
2023-12-24T11:05:11.208Z : test bien renvoyé
2023-12-24T11:05:11.226Z : jean fait une requête
2023-12-24T11:05:11.244Z : 658810645bf4d84ed5d51c08 bien mis à jour
2023-12-24T11:05:17.350Z : jean fait une requête
2023-12-24T11:05:17.362Z : Liste de campagne bien retournée
2023-12-24T11:05:29.120Z : Erreur lors de la vérification du token : JsonWebTokenError: invalid token
2023-12-24T11:07:49.771Z : Erreur lors de la vérification du token : JsonWebTokenError: invalid token
2023-12-24T11:10:55.436Z : Erreur lors de la vérification du token : JsonWebTokenError: invalid token
2023-12-24T11:12:50.125Z : jean fait une requête
2023-12-24T11:12:58.660Z : jean fait une requête
2023-12-24T11:18:27.205Z : jean fait une requête
2023-12-24T11:18:27.233Z : undefined bien créé
2023-12-24T11:18:29.928Z : jean fait une requête
2023-12-24T11:18:29.939Z : test bien renvoyé
2023-12-24T11:18:29.958Z : jean fait une requête
2023-12-24T11:18:29.977Z : 658813835bf4d84ed5d51c2c bien mis à jour
2023-12-24T11:18:35.115Z : jean fait une requête
2023-12-24T11:18:35.128Z : Liste de campagne bien retournée
2023-12-24T11:18:51.183Z : jean fait une requête
2023-12-24T11:23:01.206Z : jean fait une requête
2023-12-24T11:25:53.365Z : jean fait une requête
2023-12-24T12:19:06.192Z : jean fait une requête
2023-12-24T12:19:06.223Z : undefined bien créé
2023-12-24T12:19:08.501Z : jean fait une requête
2023-12-24T12:19:08.512Z : tet bien renvoyé
2023-12-24T12:19:08.528Z : jean fait une requête
2023-12-24T12:19:08.546Z : 658821ba5bf4d84ed5d51c57 bien mis à jour
2023-12-24T12:19:13.970Z : jean fait une requête
2023-12-24T12:19:13.983Z : Liste de campagne bien retournée
2023-12-24T12:19:21.503Z : jean fait une requête
2023-12-24T12:27:08.306Z : jean fait une requête
2023-12-24T12:27:08.333Z : undefined bien créé
2023-12-24T12:27:13.839Z : jean fait une requête
2023-12-24T12:27:13.852Z : test bien renvoyé
2023-12-24T12:27:13.870Z : jean fait une requête
2023-12-24T12:27:13.896Z : 6588239c0c554a80d67faf61 bien mis à jour
2023-12-24T12:27:19.751Z : jean fait une requête
2023-12-24T12:27:19.768Z : Liste de campagne bien retournée
2023-12-24T12:27:29.298Z : jean fait une requête
2023-12-24T12:29:57.196Z : jean fait une requête
2023-12-24T12:35:09.454Z : jean fait une requête
2023-12-24T12:39:57.777Z : jean fait une requête
2023-12-24T12:44:57.682Z : jean fait une requête
2023-12-24T12:46:29.300Z : jean fait une requête
2023-12-24T12:50:42.500Z : jean fait une requête
2023-12-24T12:55:32.460Z : Erreur lors de la vérification du token : JsonWebTokenError: jwt must be provided
2023-12-24T13:00:49.118Z : Erreur lors de la vérification du token : JsonWebTokenError: jwt must be provided
2023-12-24T13:00:51.551Z : Erreur lors de la vérification du token : JsonWebTokenError: jwt must be provided
2023-12-24T13:01:45.339Z : Erreur lors de la vérification du token : JsonWebTokenError: jwt must be provided
2023-12-24T13:01:45.760Z : Erreur lors de la vérification du token : JsonWebTokenError: jwt must be provided
2023-12-24T13:01:45.928Z : Erreur lors de la vérification du token : JsonWebTokenError: jwt must be provided
2023-12-24T13:01:46.080Z : Erreur lors de la vérification du token : JsonWebTokenError: jwt must be provided
2023-12-24T13:01:46.271Z : Erreur lors de la vérification du token : JsonWebTokenError: jwt must be provided
2023-12-24T13:02:39.222Z : jean fait une requête
2023-12-24T13:03:48.854Z : Erreur lors de la vérification du token : JsonWebTokenError: jwt must be provided
2023-12-24T13:08:13.420Z : Erreur lors de la vérification du token : JsonWebTokenError: jwt must be provided
2023-12-24T13:09:30.403Z : Erreur lors de la vérification du token : JsonWebTokenError: jwt must be provided
2023-12-24T13:10:10.769Z : Erreur lors de la vérification du token : JsonWebTokenError: jwt must be provided
2023-12-24T13:17:07.045Z : michmich fait une requête
2023-12-24T13:25:39.603Z : testnamenew fait une requête
2023-12-24T13:28:19.902Z : testname fait une requête
2023-12-24T13:32:15.720Z : testname1232 fait une requête
2023-12-24T13:35:04.098Z : jesuislenouveaunom fait une requête
2023-12-24T13:36:13.828Z : heyjesuisnouveau fait une requête
2023-12-24T13:39:07.333Z : heyjesuisnouveau fait une requête
2023-12-24T13:39:07.352Z : Liste de campagne bien retournée
2023-12-24T13:39:23.601Z : heyjesuisnouveau fait une requête
2023-12-24T13:39:23.616Z : Liste de campagne bien retournée
2023-12-24T13:39:25.974Z : heyjesuisnouveau fait une requête
2023-12-24T13:39:25.987Z : Liste de campagne bien retournée
2023-12-24T13:39:46.527Z : heyjesuisnouveau fait une requête
2023-12-24T13:39:46.556Z : undefined bien créé
2023-12-24T13:39:50.655Z : heyjesuisnouveau fait une requête
2023-12-24T13:39:50.667Z : test bien renvoyé
2023-12-24T13:39:50.686Z : heyjesuisnouveau fait une requête
2023-12-24T13:39:50.705Z : 658834a238b3e1a2d0987c7b bien mis à jour
2023-12-24T13:39:55.873Z : heyjesuisnouveau fait une requête
2023-12-24T13:39:55.887Z : Liste de campagne bien retournée
2023-12-24T13:41:35.751Z : heyjesuisnouveau fait une requête
2023-12-24T13:41:35.766Z : Liste de campagne bien retournée
2023-12-24T13:41:55.021Z : heyjesuisnouveau fait une requête
2023-12-24T13:41:55.044Z : undefined bien créé
2023-12-24T13:41:58.581Z : heyjesuisnouveau fait une requête
2023-12-24T13:41:58.591Z : test bien renvoyé
2023-12-24T13:41:58.613Z : heyjesuisnouveau fait une requête
2023-12-24T13:41:58.630Z : 6588352338b3e1a2d0987c86 bien mis à jour
2023-12-24T13:42:03.240Z : heyjesuisnouveau fait une requête
2023-12-24T13:42:03.256Z : Liste de campagne bien retournée
2023-12-24T13:42:38.721Z : heyjesuisnouveau fait une requête
2023-12-24T13:42:38.742Z : undefined bien créé
2023-12-24T13:42:43.220Z : heyjesuisnouveau fait une requête
2023-12-24T13:42:43.233Z : gretre bien renvoyé
2023-12-24T13:42:43.252Z : heyjesuisnouveau fait une requête
2023-12-24T13:42:43.274Z : 6588354e38b3e1a2d0987c8f bien mis à jour
2023-12-24T13:42:48.543Z : heyjesuisnouveau fait une requête
2023-12-24T13:42:48.556Z : Liste de campagne bien retournée
2023-12-24T13:43:40.381Z : heyjesuisnouveau fait une requête
2023-12-24T13:43:40.397Z : Liste de campagne bien retournée
2023-12-24T13:43:53.014Z : heyjesuisnouveau fait une requête
2023-12-26T10:02:41.348Z : jules fait une requête
2023-12-26T10:02:41.362Z : Liste de campagne bien retournée
2023-12-26T10:03:23.690Z : jules fait une requête
2023-12-26T10:03:31.335Z : Un Gars Du Nom De Paul fait une requête
2023-12-26T10:03:31.350Z : Liste de campagne bien retournée
2023-12-26T10:25:10.863Z : Un Gars Du Nom De Paul fait une requête
2023-12-26T10:25:10.885Z : Liste de campagne bien retournée
2023-12-26T10:26:00.617Z : Un Gars Du Nom De Paul fait une requête
2023-12-26T10:26:00.656Z : undefined bien créé
2023-12-26T10:26:04.286Z : Un Gars Du Nom De Paul fait une requête
2023-12-26T10:26:04.299Z : campagneD'afiichage bien renvoyé
2023-12-26T10:26:04.327Z : Un Gars Du Nom De Paul fait une requête
2023-12-26T10:26:04.347Z : 658aaa38f6ad03b87b507a9b bien mis à jour
2023-12-26T10:26:09.659Z : Un Gars Du Nom De Paul fait une requête
2023-12-26T10:26:09.683Z : Liste de campagne bien retournée
2023-12-26T10:32:47.157Z : Un Gars Du Nom De Paul fait une requête
2023-12-26T10:32:47.169Z : Liste de campagne bien retournée
2023-12-26T10:34:06.184Z : Un Gars Du Nom De Paul fait une requête
2023-12-26T10:34:06.198Z : Liste de campagne bien retournée
2023-12-26T10:34:08.108Z : Un Gars Du Nom De Paul fait une requête
2023-12-26T10:34:08.123Z : Liste de campagne bien retournée
2023-12-26T10:34:10.160Z : Un Gars Du Nom De Paul fait une requête
2023-12-26T10:34:10.173Z : Liste de campagne bien retournée
2023-12-26T10:34:33.206Z : Un Gars Du Nom De Paul fait une requête
2023-12-26T10:34:33.220Z : Liste de campagne bien retournée
2023-12-26T10:34:38.440Z : Un Gars Du Nom De Paul fait une requête
2023-12-26T10:34:38.457Z : Liste de campagne bien retournée
2023-12-26T10:35:16.042Z : Un Gars Du Nom De Paul fait une requête
2023-12-26T10:35:16.060Z : Liste de campagne bien retournée
2023-12-26T10:35:22.941Z : Un Gars Du Nom De Paul fait une requête
2023-12-26T10:35:22.962Z : Liste de campagne bien retournée
2023-12-26T10:36:19.483Z : Un Gars Du Nom De Paul fait une requête
2023-12-26T10:36:19.494Z : Liste de campagne bien retournée
2023-12-26T10:36:23.976Z : Un Gars Du Nom De Paul fait une requête
2023-12-26T10:36:23.995Z : Liste de campagne bien retournée
2023-12-26T10:36:27.395Z : Un Gars Du Nom De Paul fait une requête
2023-12-26T10:36:27.410Z : Liste de campagne bien retournée
2023-12-26T10:36:36.694Z : Un Gars Du Nom De Paul fait une requête
2023-12-26T10:36:36.718Z : Liste de campagne bien retournée
2023-12-26T10:36:55.536Z : Un Gars Du Nom De Paul fait une requête
2023-12-26T10:36:55.549Z : Liste de campagne bien retournée
2023-12-26T10:36:59.502Z : Un Gars Du Nom De Paul fait une requête
2023-12-26T10:36:59.521Z : Liste de campagne bien retournée
2023-12-26T10:37:06.201Z : Un Gars Du Nom De Paul fait une requête
2023-12-26T10:37:06.220Z : Liste de campagne bien retournée
2023-12-26T10:37:53.823Z : Un Gars Du Nom De Paul fait une requête
2023-12-26T10:37:53.878Z : Liste de campagne bien retournée
2023-12-26T10:38:03.166Z : Un Gars Du Nom De Paul fait une requête
2023-12-26T10:38:03.180Z : Liste de campagne bien retournée
2023-12-26T10:38:04.425Z : Un Gars Du Nom De Paul fait une requête
2023-12-26T10:38:04.448Z : Liste de campagne bien retournée
2023-12-26T10:38:06.554Z : Un Gars Du Nom De Paul fait une requête
2023-12-26T10:38:06.582Z : Liste de campagne bien retournée
2023-12-26T10:38:10.796Z : Un Gars Du Nom De Paul fait une requête
2023-12-26T10:38:10.808Z : Liste de campagne bien retournée
2023-12-26T10:38:37.789Z : Un Gars Du Nom De Paul fait une requête
2023-12-26T10:38:37.801Z : Liste de campagne bien retournée
2023-12-26T10:38:50.031Z : Un Gars Du Nom De Paul fait une requête
2023-12-26T10:38:50.045Z : Liste de campagne bien retournée
2023-12-26T10:38:57.468Z : Un Gars Du Nom De Paul fait une requête
2023-12-26T10:38:57.486Z : Liste de campagne bien retournée
2023-12-26T10:39:01.201Z : Un Gars Du Nom De Paul fait une requête
2023-12-26T10:39:01.214Z : Liste de campagne bien retournée
2023-12-26T10:39:14.977Z : Un Gars Du Nom De Paul fait une requête
2023-12-26T10:39:15.016Z : Liste de campagne bien retournée
2023-12-26T10:39:17.549Z : Un Gars Du Nom De Paul fait une requête
2023-12-26T10:39:17.559Z : Liste de campagne bien retournée
2023-12-26T10:39:23.298Z : Un Gars Du Nom De Paul fait une requête
2023-12-26T10:39:23.316Z : Liste de campagne bien retournée
2023-12-26T10:39:25.571Z : Un Gars Du Nom De Paul fait une requête
2023-12-26T10:39:25.606Z : Liste de campagne bien retournée
2023-12-26T10:39:30.028Z : Un Gars Du Nom De Paul fait une requête
2023-12-26T10:39:30.041Z : Liste de campagne bien retournée
2023-12-26T10:39:33.663Z : Un Gars Du Nom De Paul fait une requête
2023-12-26T10:39:33.678Z : Liste de campagne bien retournée
2023-12-26T10:41:23.104Z : Un Gars Du Nom De Paul fait une requête
2023-12-26T10:41:23.133Z : Liste de campagne bien retournée
2023-12-26T10:41:25.772Z : Un Gars Du Nom De Paul fait une requête
2023-12-26T10:41:25.784Z : Liste de campagne bien retournée
2023-12-26T10:41:37.756Z : Un Gars Du Nom De Paul fait une requête
2023-12-26T10:41:37.781Z : Liste de campagne bien retournée
2023-12-26T10:41:44.895Z : Un Gars Du Nom De Paul fait une requête
2023-12-26T10:41:44.927Z : Liste de campagne bien retournée
2023-12-26T10:41:46.181Z : Un Gars Du Nom De Paul fait une requête
2023-12-26T10:41:46.206Z : Liste de campagne bien retournée
2023-12-26T10:41:47.928Z : Un Gars Du Nom De Paul fait une requête
2023-12-26T10:41:47.946Z : Liste de campagne bien retournée
2023-12-26T10:41:54.227Z : Un Gars Du Nom De Paul fait une requête
2023-12-26T10:41:54.267Z : Liste de campagne bien retournée
2023-12-26T10:41:55.340Z : Un Gars Du Nom De Paul fait une requête
2023-12-26T10:41:55.353Z : Liste de campagne bien retournée
2023-12-26T10:41:56.629Z : Un Gars Du Nom De Paul fait une requête
2023-12-26T10:41:56.641Z : Liste de campagne bien retournée
2023-12-26T10:42:10.649Z : Un Gars Du Nom De Paul fait une requête
2023-12-26T10:42:10.669Z : Liste de campagne bien retournée
2023-12-26T10:42:11.577Z : Un Gars Du Nom De Paul fait une requête
2023-12-26T10:42:11.588Z : Liste de campagne bien retournée
2023-12-26T10:42:13.863Z : Un Gars Du Nom De Paul fait une requête
2023-12-26T10:42:13.875Z : Liste de campagne bien retournée
2023-12-26T10:42:30.536Z : Un Gars Du Nom De Paul fait une requête
2023-12-26T10:42:30.547Z : Liste de campagne bien retournée
2023-12-26T10:42:33.653Z : Un Gars Du Nom De Paul fait une requête
2023-12-26T10:42:33.664Z : Liste de campagne bien retournée
2023-12-26T10:42:36.976Z : Un Gars Du Nom De Paul fait une requête
2023-12-26T10:42:36.989Z : Liste de campagne bien retournée
2023-12-26T10:43:05.360Z : Un Gars Du Nom De Paul fait une requête
2023-12-26T10:43:05.375Z : Liste de campagne bien retournée
2023-12-26T10:43:07.629Z : Un Gars Du Nom De Paul fait une requête
2023-12-26T10:43:07.642Z : Liste de campagne bien retournée
2023-12-26T10:43:11.806Z : Un Gars Du Nom De Paul fait une requête
2023-12-26T10:43:11.823Z : Liste de campagne bien retournée
2023-12-26T10:44:20.876Z : Un Gars Du Nom De Paul fait une requête
2023-12-26T10:44:20.890Z : Liste de campagne bien retournée
2023-12-26T10:45:48.365Z : Un Gars Du Nom De Paul fait une requête
2023-12-26T10:45:48.379Z : Liste de campagne bien retournée
2023-12-26T10:47:38.582Z : TestMan4 fait une requête
2023-12-26T10:47:38.640Z : Liste de campagne bien retournée
2023-12-26T10:47:42.762Z : TestMan4 fait une requête
2023-12-26T10:47:42.772Z : Liste de campagne bien retournée
2023-12-26T10:47:51.891Z : TestMan4 fait une requête
2023-12-26T10:47:51.906Z : Liste de campagne bien retournée
2023-12-26T10:49:16.216Z : TestMan4 fait une requête
2023-12-26T10:49:16.235Z : Liste de campagne bien retournée
2023-12-26T10:49:21.198Z : TestMan4 fait une requête
2023-12-26T10:49:21.225Z : Liste de campagne bien retournée
2023-12-26T10:49:27.310Z : TestMan4 fait une requête
2023-12-26T10:49:27.320Z : Liste de campagne bien retournée
2023-12-26T10:49:53.122Z : TestMan4 fait une requête
2023-12-26T10:49:53.144Z : undefined bien créé
2023-12-26T10:49:57.855Z : TestMan4 fait une requête
2023-12-26T10:49:57.867Z : campage qui doit pas s'afficher chez paul bien renvoyé
2023-12-26T10:49:57.886Z : TestMan4 fait une requête
2023-12-26T10:49:57.908Z : 658aafd1f6ad03b87b507b3a bien mis à jour
2023-12-26T10:50:02.998Z : TestMan4 fait une requête
2023-12-26T10:50:03.017Z : Liste de campagne bien retournée
2023-12-26T10:50:05.111Z : TestMan4 fait une requête
2023-12-26T10:50:05.127Z : Liste de campagne bien retournée
2023-12-26T10:50:56.711Z : Un Gars Du Nom De Paul fait une requête
2023-12-26T10:50:56.722Z : Liste de campagne bien retournée
2023-12-26T10:50:59.928Z : Un Gars Du Nom De Paul fait une requête
2023-12-26T10:50:59.944Z : Liste de campagne bien retournée
2023-12-26T10:51:12.476Z : Un Gars Du Nom De Paul fait une requête
2023-12-26T10:51:12.490Z : Liste de campagne bien retournée
2023-12-26T10:51:48.459Z : Un Gars Du Nom De Paul fait une requête
2023-12-26T10:51:48.471Z : Liste de campagne bien retournée
2023-12-26T10:51:49.370Z : Un Gars Du Nom De Paul fait une requête
2023-12-26T10:51:49.394Z : Liste de campagne bien retournée
2023-12-26T10:52:01.956Z : Un Gars Du Nom De Paul fait une requête
2023-12-26T10:52:01.975Z : Liste de campagne bien retournée
2023-12-26T10:52:07.987Z : Un Gars Du Nom De Paul fait une requête
2023-12-26T10:52:08.003Z : Liste de campagne bien retournée
2023-12-26T10:52:10.560Z : Un Gars Du Nom De Paul fait une requête
2023-12-26T10:52:10.573Z : Liste de campagne bien retournée
2023-12-26T10:53:34.548Z : Un Gars Du Nom De Paul fait une requête
2023-12-26T10:53:34.560Z : Liste de campagne bien retournée
2023-12-26T10:56:32.987Z : Un Gars Du Nom De Paul fait une requête
2023-12-26T10:56:33.008Z : Liste de campagne bien retournée
2023-12-26T10:56:40.417Z : Un Gars Du Nom De Paul fait une requête
2023-12-26T10:56:40.440Z : Liste de campagne bien retournée
2023-12-26T10:57:11.817Z : Un Gars Du Nom De Paul fait une requête
2023-12-26T10:57:11.866Z : Liste de campagne bien retournée
2023-12-26T10:57:25.565Z : Un Gars Du Nom De Paul fait une requête
2023-12-26T10:57:25.583Z : Liste de campagne bien retournée
2023-12-26T10:57:25.597Z : Un Gars Du Nom De Paul fait une requête
2023-12-26T10:57:25.608Z : Liste de campagne bien retournée
2023-12-26T10:57:25.622Z : Un Gars Du Nom De Paul fait une requête
2023-12-26T10:57:25.632Z : Liste de campagne bien retournée
2023-12-26T10:57:42.276Z : Un Gars Du Nom De Paul fait une requête
2023-12-26T10:57:42.286Z : Liste de campagne bien retournée
2023-12-26T10:57:48.079Z : Un Gars Du Nom De Paul fait une requête
2023-12-26T10:57:48.093Z : Liste de campagne bien retournée
2023-12-26T10:57:57.259Z : Un Gars Du Nom De Paul fait une requête
2023-12-26T10:57:57.269Z : Liste de campagne bien retournée
2023-12-26T10:58:00.444Z : Un Gars Du Nom De Paul fait une requête
2023-12-26T10:58:00.474Z : Liste de campagne bien retournée
2023-12-26T10:58:04.703Z : Un Gars Du Nom De Paul fait une requête
2023-12-26T10:58:04.718Z : Liste de campagne bien retournée
2023-12-26T10:58:13.094Z : Un Gars Du Nom De Paul fait une requête
2023-12-26T10:58:13.105Z : Liste de campagne bien retournée
2023-12-26T10:58:15.460Z : Un Gars Du Nom De Paul fait une requête
2023-12-26T10:58:15.479Z : Liste de campagne bien retournée
2023-12-26T10:58:42.236Z : Un Gars Du Nom De Paul fait une requête
2023-12-26T10:58:42.248Z : Liste de campagne bien retournée
2023-12-26T10:58:43.615Z : Un Gars Du Nom De Paul fait une requête
2023-12-26T10:58:43.631Z : Liste de campagne bien retournée
2023-12-26T10:59:12.933Z : Un Gars Du Nom De Paul fait une requête
2023-12-26T10:59:12.944Z : Liste de campagne bien retournée
2023-12-26T10:59:22.887Z : Un Gars Du Nom De Paul fait une requête
2023-12-26T10:59:22.902Z : Liste de campagne bien retournée
2023-12-26T10:59:54.201Z : Un Gars Du Nom De Paul fait une requête
2023-12-26T10:59:54.217Z : Liste de campagne bien retournée
2023-12-26T10:59:54.238Z : Un Gars Du Nom De Paul fait une requête
2023-12-26T10:59:54.258Z : Liste de campagne bien retournée
2023-12-26T10:59:54.272Z : Un Gars Du Nom De Paul fait une requête
2023-12-26T10:59:54.282Z : Liste de campagne bien retournée
2023-12-26T10:59:54.295Z : Un Gars Du Nom De Paul fait une requête
2023-12-26T10:59:54.305Z : Liste de campagne bien retournée
2023-12-26T11:00:24.110Z : Un Gars Du Nom De Paul fait une requête
2023-12-26T11:00:24.121Z : Liste de campagne bien retournée
2023-12-26T11:00:24.138Z : Un Gars Du Nom De Paul fait une requête
2023-12-26T11:00:24.163Z : Liste de campagne bien retournée
2023-12-26T11:00:24.178Z : Un Gars Du Nom De Paul fait une requête
2023-12-26T11:00:24.190Z : Liste de campagne bien retournée
2023-12-26T11:00:24.406Z : Un Gars Du Nom De Paul fait une requête
2023-12-26T11:00:24.421Z : Liste de campagne bien retournée
2023-12-26T11:02:56.829Z : Un Gars Du Nom De Paul fait une requête
2023-12-26T11:02:56.877Z : Liste de campagne bien retournée
2023-12-26T11:02:56.929Z : Un Gars Du Nom De Paul fait une requête
2023-12-26T11:02:56.941Z : Liste de campagne bien retournée
2023-12-26T11:03:02.127Z : Un Gars Du Nom De Paul fait une requête
2023-12-26T11:03:02.141Z : Liste de campagne bien retournée
2023-12-26T11:03:29.458Z : Un Gars Du Nom De Paul fait une requête
2023-12-26T11:03:29.470Z : Liste de campagne bien retournée
2023-12-26T11:03:31.655Z : Un Gars Du Nom De Paul fait une requête
2023-12-26T11:03:31.666Z : Liste de campagne bien retournée
2023-12-26T11:03:55.856Z : Un Gars Du Nom De Paul fait une requête
2023-12-26T11:03:55.883Z : undefined bien créé
2023-12-26T11:03:59.201Z : Un Gars Du Nom De Paul fait une requête
2023-12-26T11:03:59.211Z : test2chez paul bien renvoyé
2023-12-26T11:03:59.226Z : Un Gars Du Nom De Paul fait une requête
2023-12-26T11:03:59.244Z : 658ab31bf6ad03b87b507ba2 bien mis à jour
2023-12-26T11:04:04.486Z : Un Gars Du Nom De Paul fait une requête
2023-12-26T11:04:04.532Z : Liste de campagne bien retournée
2023-12-26T11:04:28.224Z : Un Gars Du Nom De Paul fait une requête
2023-12-26T11:04:28.235Z : Liste de campagne bien retournée
2023-12-26T11:04:46.550Z : Un Gars Du Nom De Paul fait une requête
2023-12-26T11:04:46.565Z : Liste de campagne bien retournée
2023-12-26T11:04:50.945Z : Un Gars Du Nom De Paul fait une requête
2023-12-26T11:04:50.957Z : Liste de campagne bien retournée
2023-12-26T11:05:00.296Z : Un Gars Du Nom De Paul fait une requête
2023-12-26T11:05:00.404Z : Liste de campagne bien retournée
2023-12-26T11:05:15.279Z : Un Gars Du Nom De Paul fait une requête
2023-12-26T11:05:15.295Z : Liste de campagne bien retournée
